CarChats/build/outputs/logs/manifest-merger-debug-report.txt
-- Merging decision tree log ---
manifest
ADDED from src\main\AndroidManifest.xml:9:1-120:12
	package
		ADDED from src\main\AndroidManifest.xml:11:5-32
		INJECTED from src\main\AndroidManifest.xml
		INJECTED from src\main\AndroidManifest.xml
	tools:node
		ADDED from src\main\AndroidManifest.xml:12:5-25
	android:versionName
		INJECTED from src\main\AndroidManifest.xml
		INJECTED from src\main\AndroidManifest.xml
	xmlns:tools
		ADDED from src\main\AndroidManifest.xml:10:5-51
	xmlns:android
		ADDED from src\main\AndroidManifest.xml:9:11-69
	android:versionCode
		INJECTED from src\main\AndroidManifest.xml
		INJECTED from src\main\AndroidManifest.xml
uses-sdk
ADDED from src\main\AndroidManifest.xml:14:5-17:48
MERGED from [com.facebook.android:facebook-android-sdk:4.5.0] AndroidManifest.xml:24:5-26:41
MERGED from [net.cachapa.expandablelayout:expandablelayout:2.9.1] AndroidManifest.xml:8:5-10:41
MERGED from [com.parse:parsefacebookutils-v4-android:1.10.3] AndroidManifest.xml:16:5-18:41
MERGED from [de.hdodenhof:circleimageview:2.1.0] AndroidManifest.xml:5:5-7:41
MERGED from [com.parse:parseui-widget-android:0.0.1] AndroidManifest.xml:27:5-29:41
MERGED from [com.roughike:bottom-bar:2.2.0] AndroidManifest.xml:8:5-10:41
MERGED from [com.google.android.gms:play-services:11.0.1] AndroidManifest.xml:4:5-43
MERGED from [com.google.android.gms:play-services-ads:11.0.1] AndroidManifest.xml:17:5-43
MERGED from [com.google.android.gms:play-services-ads-lite:11.0.1] AndroidManifest.xml:22:5-43
MERGED from [com.google.android.gms:play-services-analytics:11.0.1] AndroidManifest.xml:17:5-43
MERGED from [com.google.android.gms:play-services-appinvite:11.0.1] AndroidManifest.xml:17:5-43
MERGED from [com.google.android.gms:play-services-auth-api-phone:11.0.1] AndroidManifest.xml:3:3-41
MERGED from [com.google.android.gms:play-services-auth:11.0.1] AndroidManifest.xml:17:5-43
MERGED from [com.google.android.gms:play-services-auth-base:11.0.1] AndroidManifest.xml:4:5-43
MERGED from [com.google.android.gms:play-services-cast-framework:11.0.1] AndroidManifest.xml:3:5-43
MERGED from [com.google.android.gms:play-services-cast:11.0.1] AndroidManifest.xml:17:5-43
MERGED from [com.android.support:mediarouter-v7:25.3.0] AndroidManifest.xml:20:5-43
MERGED from [com.android.support:palette-v7:25.3.0] AndroidManifest.xml:20:5-43
MERGED from [com.google.android.gms:play-services-clearcut:11.0.1] AndroidManifest.xml:17:5-43
MERGED from [com.google.firebase:firebase-config:11.0.1] AndroidManifest.xml:17:5-43
MERGED from [com.google.android.gms:play-services-awareness:11.0.1] AndroidManifest.xml:17:5-43
MERGED from [com.google.firebase:firebase-crash:11.0.1] AndroidManifest.xml:20:5-43
MERGED from [com.google.firebase:firebase-auth:11.0.1] AndroidManifest.xml:17:5-43
MERGED from [com.google.firebase:firebase-database:11.0.1] AndroidManifest.xml:3:5-43
MERGED from [com.google.firebase:firebase-database-connection:11.0.1] AndroidManifest.xml:3:5-43
MERGED from [com.google.firebase:firebase-dynamic-links:11.0.1] AndroidManifest.xml:3:3-41
MERGED from [com.google.firebase:firebase-storage:11.0.1] AndroidManifest.xml:3:5-43
MERGED from [com.google.firebase:firebase-storage-common:11.0.1] AndroidManifest.xml:3:5-43
MERGED from [com.google.android.gms:play-services-fitness:11.0.1] AndroidManifest.xml:17:5-43
MERGED from [com.google.android.gms:play-services-games:11.0.1] AndroidManifest.xml:17:5-43
MERGED from [com.google.android.gms:play-services-drive:11.0.1] AndroidManifest.xml:17:5-43
MERGED from [com.google.android.gms:play-services-gass:11.0.1] AndroidManifest.xml:3:5-43
MERGED from [com.google.firebase:firebase-appindexing:11.0.1] AndroidManifest.xml:17:5-43
MERGED from [com.google.android.gms:play-services-instantapps:11.0.1] AndroidManifest.xml:3:5-43
MERGED from [com.google.android.gms:play-services-nearby:11.0.1] AndroidManifest.xml:3:5-43
MERGED from [com.google.android.gms:play-services-panorama:11.0.1] AndroidManifest.xml:17:5-43
MERGED from [com.google.android.gms:play-services-places:11.0.1] AndroidManifest.xml:17:5-43
MERGED from [com.google.android.gms:play-services-plus:11.0.1] AndroidManifest.xml:17:5-43
MERGED from [com.google.android.gms:play-services-safetynet:11.0.1] AndroidManifest.xml:17:5-43
MERGED from [com.google.android.gms:play-services-tagmanager:11.0.1] AndroidManifest.xml:17:5-43
MERGED from [com.google.android.gms:play-services-tagmanager-api:11.0.1] AndroidManifest.xml:17:5-43
MERGED from [com.google.android.gms:play-services-tagmanager-v4-impl:11.0.1] AndroidManifest.xml:17:5-43
MERGED from [com.google.android.gms:play-services-analytics-impl:11.0.1] AndroidManifest.xml:17:5-43
MERGED from [com.google.android.gms:play-services-vision:11.0.1] AndroidManifest.xml:3:5-43
MERGED from [com.google.android.gms:play-services-vision-common:11.0.1] AndroidManifest.xml:3:5-43
MERGED from [com.google.android.gms:play-services-wallet:11.0.1] AndroidManifest.xml:18:5-43
MERGED from [com.google.android.gms:play-services-identity:11.0.1] AndroidManifest.xml:17:5-43
MERGED from [com.google.android.gms:play-services-maps:11.2.0] AndroidManifest.xml:23:5-43
MERGED from [com.google.android.gms:play-services-wearable:11.0.1] AndroidManifest.xml:17:5-43
MERGED from [com.android.support.constraint:constraint-layout:1.0.2] AndroidManifest.xml:5:5-7:41
MERGED from [com.miguelcatalan:materialsearchview:1.4.0] AndroidManifest.xml:7:5-9:41
MERGED from [com.1gravity:android-contactpicker:1.3.2] AndroidManifest.xml:20:5-22:41
MERGED from [com.android.support:design:25.3.0] AndroidManifest.xml:21:5-23:62
MERGED from [com.android.support:transition:25.3.0] AndroidManifest.xml:20:5-44
MERGED from [xyz.danoz:recyclerviewfastscroller:0.1.3] AndroidManifest.xml:7:5-9:41
MERGED from [com.android.support:recyclerview-v7:25.3.0] AndroidManifest.xml:20:5-43
MERGED from [com.nex3z:toggle-button-group:1.0.2] AndroidManifest.xml:7:5-9:41
MERGED from [com.terrakok.phonematter:phonematter:1.0] AndroidManifest.xml:8:5-10:41
MERGED from [com.google.firebase:firebase-core:11.2.0] AndroidManifest.xml:4:5-43
MERGED from [com.google.firebase:firebase-analytics:11.2.0] AndroidManifest.xml:17:5-43
MERGED from [com.google.firebase:firebase-analytics-impl:11.2.0] AndroidManifest.xml:17:5-43
MERGED from [com.google.firebase:firebase-messaging:11.2.0] AndroidManifest.xml:17:5-43
MERGED from [com.google.firebase:firebase-iid:11.2.0] AndroidManifest.xml:17:5-43
MERGED from [com.google.firebase:firebase-common:11.2.0] AndroidManifest.xml:3:5-43
MERGED from [cn.pedant.sweetalert:library:1.3] AndroidManifest.xml:7:5-9:41
MERGED from [com.pnikosis:materialish-progress:1.0] AndroidManifest.xml:7:5-9:41
MERGED from [com.onesignal:OneSignal:3.6.0] AndroidManifest.xml:5:5-44
MERGED from [com.google.android.gms:play-services-gcm:11.2.0] AndroidManifest.xml:17:5-43
MERGED from [com.google.android.gms:play-services-iid:11.2.0] AndroidManifest.xml:17:5-43
MERGED from [com.google.android.gms:play-services-location:11.2.0] AndroidManifest.xml:3:5-43
MERGED from [com.google.android.gms:play-services-base:11.2.0] AndroidManifest.xml:17:5-43
MERGED from [com.google.android.gms:play-services-tasks:11.2.0] AndroidManifest.xml:3:5-43
MERGED from [com.google.android.gms:play-services-basement:11.2.0] AndroidManifest.xml:17:5-43
MERGED from [com.android.support:customtabs:25.3.0] AndroidManifest.xml:20:5-44
MERGED from [net.alhazmy13.MediaPicker:libary:2.3.3] AndroidManifest.xml:7:5-9:41
MERGED from [com.android.support:appcompat-v7:25.3.0] AndroidManifest.xml:21:5-23:78
MERGED from [com.android.support:support-v4:25.3.0] AndroidManifest.xml:21:5-23:54
MERGED from [com.android.support:support-fragment:25.3.0] AndroidManifest.xml:21:5-23:60
MERGED from [com.android.support:support-media-compat:25.3.0] AndroidManifest.xml:21:5-23:63
MERGED from [com.android.support:support-core-ui:25.3.0] AndroidManifest.xml:21:5-23:58
MERGED from [com.android.support:support-core-utils:25.3.0] AndroidManifest.xml:21:5-23:61
MERGED from [com.android.support:animated-vector-drawable:25.3.0] AndroidManifest.xml:20:5-44
MERGED from [com.android.support:support-vector-drawable:25.3.0] AndroidManifest.xml:20:5-43
MERGED from [com.android.support:support-compat:25.3.0] AndroidManifest.xml:21:5-23:58
MERGED from [com.github.SandroMachado:openalpr-android:1.1.2] AndroidManifest.xml:8:5-10:41
	tools:overrideLibrary
		ADDED from src\main\AndroidManifest.xml:17:9-45
	android:targetSdkVersion
		ADDED from src\main\AndroidManifest.xml:16:9-38
		INJECTED from src\main\AndroidManifest.xml
		INJECTED from src\main\AndroidManifest.xml
	android:minSdkVersion
		ADDED from src\main\AndroidManifest.xml:15:9-35
		INJECTED from src\main\AndroidManifest.xml
		INJECTED from src\main\AndroidManifest.xml
uses-permission#android.permission.INTERNET
ADDED from src\main\AndroidManifest.xml:19:5-67
MERGED from [com.google.android.gms:play-services-ads-lite:11.0.1] AndroidManifest.xml:19:5-66
MERGED from [com.google.android.gms:play-services-analytics:11.0.1] AndroidManifest.xml:20:5-66
MERGED from [com.google.android.gms:play-services-appinvite:11.0.1] AndroidManifest.xml:18:5-66
MERGED from [com.google.firebase:firebase-crash:11.0.1] AndroidManifest.xml:18:5-66
MERGED from [com.google.android.gms:play-services-tagmanager-api:11.0.1] AndroidManifest.xml:20:5-66
MERGED from [com.google.android.gms:play-services-analytics-impl:11.0.1] AndroidManifest.xml:20:5-66
MERGED from [com.google.android.gms:play-services-maps:11.2.0] AndroidManifest.xml:20:5-66
MERGED from [com.google.firebase:firebase-analytics:11.2.0] AndroidManifest.xml:20:5-66
MERGED from [com.google.firebase:firebase-analytics-impl:11.2.0] AndroidManifest.xml:20:5-66
MERGED from [com.google.firebase:firebase-iid:11.2.0] AndroidManifest.xml:20:5-66
MERGED from [com.onesignal:OneSignal:3.6.0] AndroidManifest.xml:17:5-67
MERGED from [com.google.android.gms:play-services-gcm:11.2.0] AndroidManifest.xml:21:5-66
MERGED from [com.google.android.gms:play-services-iid:11.2.0] AndroidManifest.xml:21:5-66
	android:name
		ADDED from src\main\AndroidManifest.xml:19:22-64
uses-permission#android.permission.ACCESS_NETWORK_STATE
ADDED from src\main\AndroidManifest.xml:20:5-79
MERGED from [com.google.android.gms:play-services-ads-lite:11.0.1] AndroidManifest.xml:20:5-78
MERGED from [com.google.android.gms:play-services-analytics:11.0.1] AndroidManifest.xml:21:5-78
MERGED from [com.google.android.gms:play-services-nearby:11.0.1] AndroidManifest.xml:4:5-78
MERGED from [com.google.android.gms:play-services-tagmanager-api:11.0.1] AndroidManifest.xml:21:5-78
MERGED from [com.google.android.gms:play-services-analytics-impl:11.0.1] AndroidManifest.xml:21:5-78
MERGED from [com.google.android.gms:play-services-maps:11.2.0] AndroidManifest.xml:19:5-78
MERGED from [com.google.firebase:firebase-analytics:11.2.0] AndroidManifest.xml:21:5-78
MERGED from [com.google.firebase:firebase-analytics-impl:11.2.0] AndroidManifest.xml:21:5-78
MERGED from [com.google.firebase:firebase-iid:11.2.0] AndroidManifest.xml:19:5-78
MERGED from [com.onesignal:OneSignal:3.6.0] AndroidManifest.xml:25:5-79
	android:name
		ADDED from src\main\AndroidManifest.xml:20:22-76
uses-permission#android.permission.WRITE_EXTERNAL_STORAGE
ADDED from src\main\AndroidManifest.xml:21:5-81
MERGED from [net.alhazmy13.MediaPicker:libary:2.3.3] AndroidManifest.xml:12:5-81
	android:name
		ADDED from src\main\AndroidManifest.xml:21:22-78
uses-permission#android.permission.READ_PHONE_STATE
ADDED from src\main\AndroidManifest.xml:22:5-75
	android:name
		ADDED from src\main\AndroidManifest.xml:22:22-72
uses-permission#android.permission.READ_EXTERNAL_STORAGE
ADDED from src\main\AndroidManifest.xml:23:5-80
	android:name
		ADDED from src\main\AndroidManifest.xml:23:22-77
uses-permission#android.permission.ACCESS_COARSE_LOCATION
ADDED from src\main\AndroidManifest.xml:24:5-81
	android:name
		ADDED from src\main\AndroidManifest.xml:24:22-78
uses-permission#android.permission.ACCESS_FINE_LOCATION
ADDED from src\main\AndroidManifest.xml:25:5-79
	android:name
		ADDED from src\main\AndroidManifest.xml:25:22-76
uses-permission#android.permission.CAMERA
ADDED from src\main\AndroidManifest.xml:26:5-65
MERGED from [net.alhazmy13.MediaPicker:libary:2.3.3] AndroidManifest.xml:11:5-65
	android:name
		ADDED from src\main\AndroidManifest.xml:26:22-62
uses-permission#android.permission.READ_CONTACTS
ADDED from src\main\AndroidManifest.xml:27:5-72
	android:name
		ADDED from src\main\AndroidManifest.xml:27:22-69
uses-permission#android.permission.WAKE_LOCK
ADDED from src\main\AndroidManifest.xml:28:5-68
MERGED from [com.google.android.gms:play-services-analytics:11.0.1] AndroidManifest.xml:24:5-67
MERGED from [com.google.android.gms:play-services-analytics-impl:11.0.1] AndroidManifest.xml:24:5-67
MERGED from [com.google.firebase:firebase-analytics:11.2.0] AndroidManifest.xml:22:5-67
MERGED from [com.google.firebase:firebase-analytics-impl:11.2.0] AndroidManifest.xml:22:5-67
MERGED from [com.google.firebase:firebase-iid:11.2.0] AndroidManifest.xml:21:5-67
MERGED from [com.onesignal:OneSignal:3.6.0] AndroidManifest.xml:19:5-68
	android:name
		ADDED from src\main\AndroidManifest.xml:28:22-65
uses-permission#android.permission.VIBRATE
ADDED from src\main\AndroidManifest.xml:29:5-66
MERGED from [com.onesignal:OneSignal:3.6.0] AndroidManifest.xml:24:5-66
	android:name
		ADDED from src\main\AndroidManifest.xml:29:22-63
uses-permission#android.permission.RECEIVE_BOOT_COMPLETED
ADDED from src\main\AndroidManifest.xml:30:5-81
MERGED from [com.onesignal:OneSignal:3.6.0] AndroidManifest.xml:30:5-81
	android:name
		ADDED from src\main\AndroidManifest.xml:30:22-78
uses-permission#android.permission.GET_ACCOUNTS
ADDED from src\main\AndroidManifest.xml:31:5-71
	android:name
		ADDED from src\main\AndroidManifest.xml:31:22-68
uses-permission#com.google.android.c2dm.permission.RECEIVE
ADDED from src\main\AndroidManifest.xml:32:5-82
MERGED from [com.google.firebase:firebase-iid:11.2.0] AndroidManifest.xml:22:5-81
MERGED from [com.onesignal:OneSignal:3.6.0] AndroidManifest.xml:18:5-82
MERGED from [com.google.android.gms:play-services-gcm:11.2.0] AndroidManifest.xml:20:5-81
MERGED from [com.google.android.gms:play-services-iid:11.2.0] AndroidManifest.xml:20:5-81
	android:name
		ADDED from src\main\AndroidManifest.xml:32:22-79
permission#com.example.dylancastanhinha.weightmanagement.permission.C2D_MESSAGE
ADDED from src\main\AndroidManifest.xml:34:5-36:47
MERGED from [com.google.firebase:firebase-iid:11.2.0] AndroidManifest.xml:24:5-109
MERGED from [com.onesignal:OneSignal:3.6.0] AndroidManifest.xml:8:5-10:47
	android:protectionLevel
		ADDED from src\main\AndroidManifest.xml:36:9-44
	android:name
		ADDED from src\main\AndroidManifest.xml:35:9-92
uses-permission#com.example.dylancastanhinha.weightmanagement.permission.C2D_MESSAGE
ADDED from src\main\AndroidManifest.xml:38:5-108
MERGED from [com.google.firebase:firebase-iid:11.2.0] AndroidManifest.xml:26:5-78
MERGED from [com.onesignal:OneSignal:3.6.0] AndroidManifest.xml:12:5-79
	android:name
		ADDED from src\main\AndroidManifest.xml:38:22-105
application
ADDED from src\main\AndroidManifest.xml:40:5-118:19
MERGED from [com.facebook.android:facebook-android-sdk:4.5.0] AndroidManifest.xml:28:5-20
MERGED from [com.parse:parsefacebookutils-v4-android:1.10.3] AndroidManifest.xml:20:5-20
MERGED from [de.hdodenhof:circleimageview:2.1.0] AndroidManifest.xml:9:5-20
MERGED from [com.parse:parseui-widget-android:0.0.1] AndroidManifest.xml:31:5-20
MERGED from [com.google.android.gms:play-services:11.0.1] AndroidManifest.xml:5:5-20
MERGED from [com.google.android.gms:play-services-ads-lite:11.0.1] AndroidManifest.xml:23:5-26:19
MERGED from [com.google.android.gms:play-services-analytics:11.0.1] AndroidManifest.xml:26:5-19
MERGED from [com.google.android.gms:play-services-appinvite:11.0.1] AndroidManifest.xml:19:5-26:19
MERGED from [com.google.android.gms:play-services-auth:11.0.1] AndroidManifest.xml:19:5-25:19
MERGED from [com.google.android.gms:play-services-cast-framework:11.0.1] AndroidManifest.xml:4:5-8:19
MERGED from [com.google.android.gms:play-services-cast:11.0.1] AndroidManifest.xml:18:5-19
MERGED from [com.android.support:mediarouter-v7:25.3.0] AndroidManifest.xml:26:5-20
MERGED from [com.android.support:palette-v7:25.3.0] AndroidManifest.xml:26:5-20
MERGED from [com.google.android.gms:play-services-clearcut:11.0.1] AndroidManifest.xml:18:5-19
MERGED from [com.google.firebase:firebase-config:11.0.1] AndroidManifest.xml:18:5-19
MERGED from [com.google.android.gms:play-services-awareness:11.0.1] AndroidManifest.xml:18:5-19
MERGED from [com.google.firebase:firebase-crash:11.0.1] AndroidManifest.xml:22:5-23:19
MERGED from [com.google.firebase:firebase-auth:11.0.1] AndroidManifest.xml:19:5-20:19
MERGED from [com.google.firebase:firebase-dynamic-links:11.0.1] AndroidManifest.xml:5:3-17
MERGED from [com.google.android.gms:play-services-fitness:11.0.1] AndroidManifest.xml:18:5-19
MERGED from [com.google.android.gms:play-services-games:11.0.1] AndroidManifest.xml:18:5-19
MERGED from [com.google.android.gms:play-services-drive:11.0.1] AndroidManifest.xml:18:5-19
MERGED from [com.google.android.gms:play-services-gass:11.0.1] AndroidManifest.xml:4:5-19
MERGED from [com.google.firebase:firebase-appindexing:11.0.1] AndroidManifest.xml:18:5-19
MERGED from [com.google.android.gms:play-services-nearby:11.0.1] AndroidManifest.xml:5:5-19
MERGED from [com.google.android.gms:play-services-panorama:11.0.1] AndroidManifest.xml:18:5-19
MERGED from [com.google.android.gms:play-services-places:11.0.1] AndroidManifest.xml:18:5-19
MERGED from [com.google.android.gms:play-services-plus:11.0.1] AndroidManifest.xml:18:5-19
MERGED from [com.google.android.gms:play-services-safetynet:11.0.1] AndroidManifest.xml:18:5-19
MERGED from [com.google.android.gms:play-services-tagmanager-api:11.0.1] AndroidManifest.xml:23:5-33:19
MERGED from [com.google.android.gms:play-services-tagmanager-v4-impl:11.0.1] AndroidManifest.xml:19:5-19
MERGED from [com.google.android.gms:play-services-analytics-impl:11.0.1] AndroidManifest.xml:26:5-19
MERGED from [com.google.android.gms:play-services-vision:11.0.1] AndroidManifest.xml:4:5-19
MERGED from [com.google.android.gms:play-services-vision-common:11.0.1] AndroidManifest.xml:4:5-19
MERGED from [com.google.android.gms:play-services-identity:11.0.1] AndroidManifest.xml:18:5-19
MERGED from [com.google.android.gms:play-services-maps:11.2.0] AndroidManifest.xml:24:5-19
MERGED from [com.google.android.gms:play-services-wearable:11.0.1] AndroidManifest.xml:18:5-19
MERGED from [com.android.support.constraint:constraint-layout:1.0.2] AndroidManifest.xml:9:5-20
MERGED from [com.miguelcatalan:materialsearchview:1.4.0] AndroidManifest.xml:11:5-20
MERGED from [com.android.support:design:25.3.0] AndroidManifest.xml:29:5-20
MERGED from [com.android.support:transition:25.3.0] AndroidManifest.xml:26:5-20
MERGED from [com.nex3z:toggle-button-group:1.0.2] AndroidManifest.xml:11:5-15:19
MERGED from [com.terrakok.phonematter:phonematter:1.0] AndroidManifest.xml:12:5-20
MERGED from [com.google.firebase:firebase-core:11.2.0] AndroidManifest.xml:5:5-20
MERGED from [com.google.firebase:firebase-analytics:11.2.0] AndroidManifest.xml:24:5-34:19
MERGED from [com.google.firebase:firebase-analytics-impl:11.2.0] AndroidManifest.xml:24:5-28:19
MERGED from [com.google.firebase:firebase-messaging:11.2.0] AndroidManifest.xml:19:5-29:19
MERGED from [com.google.firebase:firebase-iid:11.2.0] AndroidManifest.xml:28:5-49:19
MERGED from [com.google.firebase:firebase-common:11.2.0] AndroidManifest.xml:4:5-7:19
MERGED from [cn.pedant.sweetalert:library:1.3] AndroidManifest.xml:11:5-20
MERGED from [com.pnikosis:materialish-progress:1.0] AndroidManifest.xml:11:5-15:19
MERGED from [com.onesignal:OneSignal:3.6.0] AndroidManifest.xml:49:5-97:19
MERGED from [com.google.android.gms:play-services-gcm:11.2.0] AndroidManifest.xml:23:5-19
MERGED from [com.google.android.gms:play-services-iid:11.2.0] AndroidManifest.xml:23:5-19
MERGED from [com.google.android.gms:play-services-location:11.2.0] AndroidManifest.xml:4:5-19
MERGED from [com.google.android.gms:play-services-base:11.2.0] AndroidManifest.xml:18:5-20:19
MERGED from [com.google.android.gms:play-services-tasks:11.2.0] AndroidManifest.xml:4:5-19
MERGED from [com.google.android.gms:play-services-basement:11.2.0] AndroidManifest.xml:19:5-21:19
MERGED from [com.android.support:customtabs:25.3.0] AndroidManifest.xml:26:5-20
MERGED from [net.alhazmy13.MediaPicker:libary:2.3.3] AndroidManifest.xml:14:5-33:19
MERGED from [com.android.support:appcompat-v7:25.3.0] AndroidManifest.xml:29:5-20
MERGED from [com.android.support:support-v4:25.3.0] AndroidManifest.xml:29:5-20
MERGED from [com.android.support:support-fragment:25.3.0] AndroidManifest.xml:29:5-20
MERGED from [com.android.support:support-media-compat:25.3.0] AndroidManifest.xml:29:5-20
MERGED from [com.android.support:support-core-ui:25.3.0] AndroidManifest.xml:29:5-20
MERGED from [com.android.support:support-core-utils:25.3.0] AndroidManifest.xml:29:5-20
MERGED from [com.android.support:animated-vector-drawable:25.3.0] AndroidManifest.xml:26:5-20
MERGED from [com.android.support:support-vector-drawable:25.3.0] AndroidManifest.xml:26:5-20
MERGED from [com.android.support:support-compat:25.3.0] AndroidManifest.xml:29:5-20
MERGED from [com.github.SandroMachado:openalpr-android:1.1.2] AndroidManifest.xml:12:5-20
	android:label
		ADDED from src\main\AndroidManifest.xml:44:9-41
	android:supportsRtl
		ADDED from [com.nex3z:toggle-button-group:1.0.2] AndroidManifest.xml:14:9-35
	android:allowBackup
		ADDED from src\main\AndroidManifest.xml:42:9-35
	android:icon
		ADDED from src\main\AndroidManifest.xml:43:9-43
		REJECTED from [com.pnikosis:materialish-progress:1.0] AndroidManifest.xml:13:9-45
	android:theme
		ADDED from src\main\AndroidManifest.xml:45:9-40
	tools:replace
		ADDED from src\main\AndroidManifest.xml:46:9-51
	android:name
		ADDED from src\main\AndroidManifest.xml:41:9-61
meta-data#com.parse.APPLICATION_ID
ADDED from src\main\AndroidManifest.xml:47:9-49:52
	android:value
		ADDED from src\main\AndroidManifest.xml:49:13-49
	android:name
		ADDED from src\main\AndroidManifest.xml:48:13-52
meta-data#com.parse.CLIENT_KEY
ADDED from src\main\AndroidManifest.xml:50:9-52:56
	android:value
		ADDED from src\main\AndroidManifest.xml:52:13-53
	android:name
		ADDED from src\main\AndroidManifest.xml:51:13-48
meta-data#com.facebook.sdk.ApplicationId
ADDED from src\main\AndroidManifest.xml:53:9-55:55
	android:value
		ADDED from src\main\AndroidManifest.xml:55:13-52
	android:name
		ADDED from src\main\AndroidManifest.xml:54:13-58
activity#com.onegravity.contactpicker.core.ContactPickerActivity
ADDED from src\main\AndroidManifest.xml:57:9-65:20
	android:enabled
		ADDED from src\main\AndroidManifest.xml:59:13-35
	android:exported
		ADDED from src\main\AndroidManifest.xml:60:13-37
	android:name
		ADDED from src\main\AndroidManifest.xml:58:13-83
intent-filter#android.intent.category.BROWSABLE+android.intent.category.DEFAULT
ADDED from src\main\AndroidManifest.xml:61:13-64:29
category#android.intent.category.DEFAULT
ADDED from src\main\AndroidManifest.xml:62:17-76
	android:name
		ADDED from src\main\AndroidManifest.xml:62:27-73
category#android.intent.category.BROWSABLE
ADDED from src\main\AndroidManifest.xml:63:17-78
	android:name
		ADDED from src\main\AndroidManifest.xml:63:27-75
activity#com.facebook.FacebookActivity
ADDED from src\main\AndroidManifest.xml:66:9-70:75
	android:label
		ADDED from src\main\AndroidManifest.xml:69:13-45
	android:configChanges
		ADDED from src\main\AndroidManifest.xml:68:13-96
	android:theme
		ADDED from src\main\AndroidManifest.xml:70:13-72
	android:name
		ADDED from src\main\AndroidManifest.xml:67:13-57
activity#com.parse.starter.ViewControllers.LoginController
ADDED from src\main\AndroidManifest.xml:71:9-79:20
	android:label
		ADDED from src\main\AndroidManifest.xml:73:13-45
	android:name
		ADDED from src\main\AndroidManifest.xml:72:13-60
intent-filter#android.intent.action.MAIN+android.intent.category.LAUNCHER
ADDED from src\main\AndroidManifest.xml:74:13-78:29
action#android.intent.action.MAIN
ADDED from src\main\AndroidManifest.xml:75:17-69
	android:name
		ADDED from src\main\AndroidManifest.xml:75:25-66
category#android.intent.category.LAUNCHER
ADDED from src\main\AndroidManifest.xml:77:17-77
	android:name
		ADDED from src\main\AndroidManifest.xml:77:27-74
activity#com.parse.starter.ViewControllers.NavigationController
ADDED from src\main\AndroidManifest.xml:80:9-74
	android:name
		ADDED from src\main\AndroidManifest.xml:80:19-71
meta-data#com.parse.push.gcm_sender_id
ADDED from src\main\AndroidManifest.xml:82:9-84:47
	android:value
		ADDED from src\main\AndroidManifest.xml:84:13-44
	android:name
		ADDED from src\main\AndroidManifest.xml:83:13-56
meta-data#com.google.android.geo.API_KEY
ADDED from src\main\AndroidManifest.xml:85:9-87:55
	android:value
		ADDED from src\main\AndroidManifest.xml:87:13-52
	android:name
		ADDED from src\main\AndroidManifest.xml:86:13-58
service#com.parse.PushService
ADDED from src\main\AndroidManifest.xml:89:9-57
	android:name
		ADDED from src\main\AndroidManifest.xml:89:18-54
receiver#com.parse.GcmBroadcastReceiver
ADDED from src\main\AndroidManifest.xml:91:9-100:20
	android:permission
		ADDED from src\main\AndroidManifest.xml:93:13-73
	android:name
		ADDED from src\main\AndroidManifest.xml:92:13-58
intent-filter#com.example.dylancastanhinha.weightmanagement+com.google.android.c2dm.intent.RECEIVE+com.google.android.c2dm.intent.REGISTRATION
ADDED from src\main\AndroidManifest.xml:94:13-99:29
action#com.google.android.c2dm.intent.RECEIVE
ADDED from src\main\AndroidManifest.xml:95:17-81
	android:name
		ADDED from src\main\AndroidManifest.xml:95:25-78
action#com.google.android.c2dm.intent.REGISTRATION
ADDED from src\main\AndroidManifest.xml:96:17-86
	android:name
		ADDED from src\main\AndroidManifest.xml:96:25-83
category#com.example.dylancastanhinha.weightmanagement
ADDED from src\main\AndroidManifest.xml:98:17-90
	android:name
		ADDED from src\main\AndroidManifest.xml:98:27-87
receiver#com.parse.ParsePushBroadcastReceiver
ADDED from src\main\AndroidManifest.xml:101:9-109:20
	android:exported
		ADDED from src\main\AndroidManifest.xml:103:13-37
	android:name
		ADDED from src\main\AndroidManifest.xml:102:13-64
intent-filter#com.parse.push.intent.DELETE+com.parse.push.intent.OPEN+com.parse.push.intent.RECEIVE
ADDED from src\main\AndroidManifest.xml:104:13-108:29
action#com.parse.push.intent.RECEIVE
ADDED from src\main\AndroidManifest.xml:105:17-72
	android:name
		ADDED from src\main\AndroidManifest.xml:105:25-69
action#com.parse.push.intent.OPEN
ADDED from src\main\AndroidManifest.xml:106:17-69
	android:name
		ADDED from src\main\AndroidManifest.xml:106:25-66
action#com.parse.push.intent.DELETE
ADDED from src\main\AndroidManifest.xml:107:17-71
	android:name
		ADDED from src\main\AndroidManifest.xml:107:25-68
meta-data#com.onesignal.NotificationOpened.DEFAULT
ADDED from src\main\AndroidManifest.xml:111:9-113:39
	android:value
		ADDED from src\main\AndroidManifest.xml:113:13-36
	android:name
		ADDED from src\main\AndroidManifest.xml:112:13-68
activity#com.parse.starter.ViewControllers.NewNavigationController
ADDED from src\main\AndroidManifest.xml:115:9-117:20
	android:theme
		ADDED from src\main\AndroidManifest.xml:116:13-44
	android:name
		ADDED from src\main\AndroidManifest.xml:115:19-74
activity#com.google.android.gms.ads.AdActivity
ADDED from [com.google.android.gms:play-services-ads-lite:11.0.1] AndroidManifest.xml:25:9-232
	android:configChanges
		ADDED from [com.google.android.gms:play-services-ads-lite:11.0.1] AndroidManifest.xml:25:72-181
	android:theme
		ADDED from [com.google.android.gms:play-services-ads-lite:11.0.1] AndroidManifest.xml:25:182-230
	android:name
		ADDED from [com.google.android.gms:play-services-ads-lite:11.0.1] AndroidManifest.xml:25:19-71
activity#com.google.android.gms.appinvite.PreviewActivity
ADDED from [com.google.android.gms:play-services-appinvite:11.0.1] AndroidManifest.xml:20:9-25:20
	android:exported
		ADDED from [com.google.android.gms:play-services-appinvite:11.0.1] AndroidManifest.xml:20:51-74
	android:theme
		ADDED from [com.google.android.gms:play-services-appinvite:11.0.1] AndroidManifest.xml:20:75-121
	android:name
		ADDED from [com.google.android.gms:play-services-appinvite:11.0.1] AndroidManifest.xml:20:19-50
intent-filter#android.intent.category.DEFAULT+com.google.android.gms.appinvite.ACTION_PREVIEW
ADDED from [com.google.android.gms:play-services-appinvite:11.0.1] AndroidManifest.xml:21:13-24:29
action#com.google.android.gms.appinvite.ACTION_PREVIEW
ADDED from [com.google.android.gms:play-services-appinvite:11.0.1] AndroidManifest.xml:22:17-89
	android:name
		ADDED from [com.google.android.gms:play-services-appinvite:11.0.1] AndroidManifest.xml:22:25-87
activity#com.google.android.gms.auth.api.signin.internal.SignInHubActivity
ADDED from [com.google.android.gms:play-services-auth:11.0.1] AndroidManifest.xml:20:9-189
	android:excludeFromRecents
		ADDED from [com.google.android.gms:play-services-auth:11.0.1] AndroidManifest.xml:20:129-162
	android:exported
		ADDED from [com.google.android.gms:play-services-auth:11.0.1] AndroidManifest.xml:20:163-187
	android:theme
		ADDED from [com.google.android.gms:play-services-auth:11.0.1] AndroidManifest.xml:20:69-128
	android:name
		ADDED from [com.google.android.gms:play-services-auth:11.0.1] AndroidManifest.xml:20:19-68
service#com.google.android.gms.auth.api.signin.RevocationBoundService
ADDED from [com.google.android.gms:play-services-auth:11.0.1] AndroidManifest.xml:24:9-184
	android:exported
		ADDED from [com.google.android.gms:play-services-auth:11.0.1] AndroidManifest.xml:24:64-87
	android:permission
		ADDED from [com.google.android.gms:play-services-auth:11.0.1] AndroidManifest.xml:24:88-182
	android:name